[2021-05-25T14:53:42.687] [DEBUG] cheese - login => username:admin,password:123456
[2021-05-25T14:53:42.688] [DEBUG] cheese - admin
[2021-05-25T14:53:42.703] [DEBUG] cheese - null
[2021-05-25T14:53:42.703] [DEBUG] cheese - null
[2022-05-17T21:53:46.885] [DEBUG] cheese - login => username:zs,password:123
[2022-05-17T21:53:46.887] [DEBUG] cheese - zs
[2022-05-17T21:53:46.894] [DEBUG] cheese - null
[2022-05-17T21:53:46.895] [DEBUG] cheese - null
[2022-05-17T21:54:19.735] [DEBUG] cheese - login => username:admin,password:123456
[2022-05-17T21:54:19.735] [DEBUG] cheese - admin
[2022-05-17T21:54:19.742] [DEBUG] cheese - null
[2022-05-17T21:54:19.742] [DEBUG] cheese - null
[2022-05-19T15:15:40.148] [DEBUG] cheese - login => username:admin,password:123456
[2022-05-19T15:15:40.151] [DEBUG] cheese - admin
[2022-05-19T15:15:40.172] [DEBUG] cheese - null
[2022-05-19T15:15:40.173] [DEBUG] cheese - null
[2022-05-19T15:15:49.152] [DEBUG] cheese - login => username:admin,password:12345611
[2022-05-19T15:15:49.152] [DEBUG] cheese - admin
[2022-05-19T15:15:49.158] [DEBUG] cheese - null
[2022-05-19T15:15:49.158] [DEBUG] cheese - null
[2022-05-19T15:17:42.935] [DEBUG] cheese - login => username:lgh1024,password:lgh1024
[2022-05-19T15:17:42.935] [DEBUG] cheese - lgh1024
[2022-05-19T15:17:42.936] [DEBUG] cheese - null
[2022-05-19T15:17:42.937] [DEBUG] cheese - null
[2022-05-19T15:17:57.004] [DEBUG] cheese - login => username:lgh1024,password:lgh1024
[2022-05-19T15:17:57.004] [DEBUG] cheese - lgh1024
[2022-05-19T15:17:57.005] [DEBUG] cheese - null
[2022-05-19T15:17:57.006] [DEBUG] cheese - null
[2022-05-19T15:19:53.049] [DEBUG] cheese - login => username:admin,password:123456
[2022-05-19T15:19:53.049] [DEBUG] cheese - admin
[2022-05-19T15:19:53.052] [DEBUG] cheese - null
[2022-05-19T15:19:53.052] [DEBUG] cheese - null
[2022-05-19T15:19:56.674] [DEBUG] cheese - login => username:admina,password:123456
[2022-05-19T15:19:56.674] [DEBUG] cheese - admina
[2022-05-19T15:19:56.676] [DEBUG] cheese - null
[2022-05-19T15:19:56.676] [DEBUG] cheese - null
[2022-05-19T15:20:20.872] [DEBUG] cheese - login => username:lgh1024,password:lgh1024
[2022-05-19T15:20:20.872] [DEBUG] cheese - lgh1024
[2022-05-19T15:20:20.874] [DEBUG] cheese - null
[2022-05-19T15:20:20.874] [DEBUG] cheese - null
[2022-05-19T15:23:23.001] [DEBUG] cheese - login => username:lgh1024,password:lgh1024
[2022-05-19T15:23:23.001] [DEBUG] cheese - lgh1024
[2022-05-19T15:23:23.003] [DEBUG] cheese - null
[2022-05-19T15:24:24.329] [DEBUG] cheese - login => username:lgh1024,password:lgh1024
[2022-05-19T15:24:24.330] [DEBUG] cheese - lgh1024
[2022-05-19T15:24:24.338] [DEBUG] cheese - null
[2022-05-19T15:24:56.346] [DEBUG] cheese - login => username:lgh1024,password:lgh1024
[2022-05-19T15:24:56.347] [DEBUG] cheese - lgh1024
[2022-05-19T15:24:56.352] [DEBUG] cheese - null
[2022-05-19T15:24:56.352] [DEBUG] cheese - null
[2022-05-19T15:24:56.963] [DEBUG] cheese - login => username:lgh1024,password:lgh1024
[2022-05-19T15:24:56.963] [DEBUG] cheese - lgh1024
[2022-05-19T15:24:56.965] [DEBUG] cheese - null
[2022-05-19T15:24:56.965] [DEBUG] cheese - null
[2022-05-19T15:25:46.162] [DEBUG] cheese - login => username:admin,password:123456
[2022-05-19T15:25:46.163] [DEBUG] cheese - admin
[2022-05-19T15:25:46.168] [DEBUG] cheese - null
[2022-05-19T15:25:46.168] [DEBUG] cheese - null
[2022-05-19T15:31:26.227] [DEBUG] cheese - login => username:lgh1024,password:lgh1024
[2022-05-19T15:31:26.227] [DEBUG] cheese - lgh1024
[2022-05-19T15:31:26.229] [DEBUG] cheese - null
[2022-05-19T15:31:26.229] [DEBUG] cheese - null
[2022-05-19T15:31:33.954] [DEBUG] cheese - login => username:admin,password:123456
[2022-05-19T15:31:33.954] [DEBUG] cheese - admin
[2022-05-19T15:31:33.956] [DEBUG] cheese - null
[2022-05-19T15:31:33.956] [DEBUG] cheese - null
[2022-05-19T15:43:27.969] [DEBUG] cheese - login => username:admin,password:123456
[2022-05-19T15:43:27.969] [DEBUG] cheese - admin
[2022-05-19T15:43:27.971] [DEBUG] cheese - null
[2022-05-19T15:43:27.971] [DEBUG] cheese - null
[2022-05-19T15:45:09.336] [DEBUG] cheese - login => username:admin,password:123456
[2022-05-19T15:45:09.336] [DEBUG] cheese - admin
[2022-05-19T15:45:09.339] [DEBUG] cheese - null
[2022-05-19T15:45:09.339] [DEBUG] cheese - null
[2022-05-19T16:10:44.090] [DEBUG] cheese - login => username:admin,password:123456
[2022-05-19T16:10:44.091] [DEBUG] cheese - admin
[2022-05-19T16:10:44.092] [DEBUG] cheese - null
[2022-05-19T16:10:44.092] [DEBUG] cheese - null
[2022-05-19T16:18:38.758] [DEBUG] cheese - login => username:admin,password:123456
[2022-05-19T16:18:38.758] [DEBUG] cheese - admin
[2022-05-19T16:18:38.761] [DEBUG] cheese - null
[2022-05-19T16:18:38.761] [DEBUG] cheese - null
[2022-05-19T16:23:09.411] [DEBUG] cheese - login => username:admin,password:123456
[2022-05-19T16:23:09.411] [DEBUG] cheese - admin
[2022-05-19T16:23:09.413] [DEBUG] cheese - null
[2022-05-19T16:23:09.413] [DEBUG] cheese - null
[2022-05-19T16:25:25.787] [DEBUG] cheese - login => username:admin,password:123456
[2022-05-19T16:25:25.787] [DEBUG] cheese - admin
[2022-05-19T16:25:25.789] [DEBUG] cheese - null
[2022-05-19T16:25:25.789] [DEBUG] cheese - null
[2022-05-19T16:31:42.198] [DEBUG] cheese - login => username:admin,password:123456
[2022-05-19T16:31:42.198] [DEBUG] cheese - admin
[2022-05-19T16:31:42.200] [DEBUG] cheese - null
[2022-05-19T16:31:42.201] [DEBUG] cheese - null
[2022-05-22T09:02:32.413] [DEBUG] cheese - login => username:admin,password:123456
[2022-05-22T09:02:32.414] [DEBUG] cheese - admin
[2022-05-22T09:02:32.428] [DEBUG] cheese - null
[2022-05-22T09:02:32.429] [DEBUG] cheese - null
[2022-05-22T09:37:55.939] [DEBUG] cheese - login => username:admin,password:123456
[2022-05-22T09:37:55.939] [DEBUG] cheese - admin
[2022-05-22T09:37:55.941] [DEBUG] cheese - null
[2022-05-22T09:37:55.942] [DEBUG] cheese - null
[2022-05-22T09:38:36.487] [DEBUG] cheese - login => username:admin,password:123456
[2022-05-22T09:38:36.487] [DEBUG] cheese - admin
[2022-05-22T09:38:36.489] [DEBUG] cheese - null
[2022-05-22T09:38:36.490] [DEBUG] cheese - null
[2022-05-22T10:56:07.267] [DEBUG] cheese - login => username:admin,password:123456
[2022-05-22T10:56:07.267] [DEBUG] cheese - admin
[2022-05-22T10:56:07.268] [DEBUG] cheese - null
[2022-05-22T10:56:07.269] [DEBUG] cheese - null
[2022-05-25T15:59:17.988] [DEBUG] cheese - login => username:admin,password:123456
[2022-05-25T15:59:17.989] [DEBUG] cheese - admin
[2022-05-25T15:59:18.008] [DEBUG] cheese - null
[2022-05-25T15:59:18.009] [DEBUG] cheese - null
[2022-05-25T16:10:50.949] [DEBUG] cheese - login => username:admin,password:123456
[2022-05-25T16:10:50.949] [DEBUG] cheese - admin
[2022-05-25T16:10:50.951] [DEBUG] cheese - null
[2022-05-25T16:10:50.951] [DEBUG] cheese - null
[2022-05-25T16:10:57.691] [DEBUG] cheese - login => username:admin,password:123456
[2022-05-25T16:10:57.691] [DEBUG] cheese - admin
[2022-05-25T16:10:57.693] [DEBUG] cheese - null
[2022-05-25T16:10:57.694] [DEBUG] cheese - null
[2022-05-25T16:19:17.786] [DEBUG] cheese - login => username:admin,password:123456
[2022-05-25T16:19:17.786] [DEBUG] cheese - admin
[2022-05-25T16:19:17.788] [DEBUG] cheese - null
[2022-05-25T16:19:17.788] [DEBUG] cheese - null
[2022-05-25T16:23:09.278] [DEBUG] cheese - login => username:admin,password:123456
[2022-05-25T16:23:09.278] [DEBUG] cheese - admin
[2022-05-25T16:23:09.280] [DEBUG] cheese - null
[2022-05-25T16:23:09.280] [DEBUG] cheese - null
[2022-05-25T16:59:54.030] [DEBUG] cheese - login => username:admin,password:123456
[2022-05-25T16:59:54.030] [DEBUG] cheese - admin
[2022-05-25T16:59:54.036] [DEBUG] cheese - null
[2022-05-25T16:59:54.036] [DEBUG] cheese - null
[2022-05-25T17:01:13.467] [DEBUG] cheese - login => username:admin,password:123456
[2022-05-25T17:01:13.467] [DEBUG] cheese - admin
[2022-05-25T17:01:13.469] [DEBUG] cheese - null
[2022-05-25T17:01:13.469] [DEBUG] cheese - null
[2022-05-26T10:24:52.724] [DEBUG] cheese - login => username:admin,password:123456
[2022-05-26T10:24:52.725] [DEBUG] cheese - admin
[2022-05-26T10:24:52.778] [DEBUG] cheese - null
[2022-05-26T10:24:52.778] [DEBUG] cheese - null
[2022-05-26T18:12:45.806] [DEBUG] cheese - login => username:admin,password:123456
[2022-05-26T18:12:45.807] [DEBUG] cheese - admin
[2022-05-26T18:12:45.862] [DEBUG] cheese - null
[2022-05-26T18:12:45.863] [DEBUG] cheese - null
